<?xml version="1.0" encoding="UTF-8"?>
<testsuite xmlns:xsi="http://www.w3.org/2001/XMLSchema-instance" xsi:noNamespaceSchemaLocation="https://maven.apache.org/surefire/maven-surefire-plugin/xsd/surefire-test-report-3.0.xsd" version="3.0" name="com.library.AppTest" time="0.018" tests="1" errors="0" skipped="0" failures="0">
  <properties>
    <property name="java.specification.version" value="17"/>
    <property name="sun.cpu.isalist" value="amd64"/>
    <property name="sun.jnu.encoding" value="Cp1252"/>
    <property name="java.class.path" value="C:\Users\kshit\OneDrive\Documents\Java FSE\Week 3\LibraryManagement\LibraryManagement\target\test-classes;C:\Users\kshit\OneDrive\Documents\Java FSE\Week 3\LibraryManagement\LibraryManagement\target\classes;C:\Users\kshit\.m2\repository\org\springframework\spring-context\5.3.33\spring-context-5.3.33.jar;C:\Users\kshit\.m2\repository\org\springframework\spring-aop\5.3.33\spring-aop-5.3.33.jar;C:\Users\kshit\.m2\repository\org\springframework\spring-beans\5.3.33\spring-beans-5.3.33.jar;C:\Users\kshit\.m2\repository\org\springframework\spring-core\5.3.33\spring-core-5.3.33.jar;C:\Users\kshit\.m2\repository\org\springframework\spring-jcl\5.3.33\spring-jcl-5.3.33.jar;C:\Users\kshit\.m2\repository\org\springframework\spring-expression\5.3.33\spring-expression-5.3.33.jar;C:\Users\kshit\.m2\repository\junit\junit\3.8.1\junit-3.8.1.jar;"/>
    <property name="java.vm.vendor" value="Eclipse Adoptium"/>
    <property name="sun.arch.data.model" value="64"/>
    <property name="user.variant" value=""/>
    <property name="java.vendor.url" value="https://adoptium.net/"/>
    <property name="user.timezone" value="Asia/Calcutta"/>
    <property name="os.name" value="Windows 11"/>
    <property name="java.vm.specification.version" value="17"/>
    <property name="sun.java.launcher" value="SUN_STANDARD"/>
    <property name="user.country" value="US"/>
    <property name="sun.boot.library.path" value="C:\Users\kshit\AppData\Local\Programs\Eclipse Adoptium\jdk-17.0.5.8-hotspot\bin"/>
    <property name="sun.java.command" value="C:\Users\kshit\AppData\Local\Temp\surefire14428544527907741551\surefirebooter-20250728180257819_3.jar C:\Users\kshit\AppData\Local\Temp\surefire14428544527907741551 2025-07-28T18-02-56_332-jvmRun1 surefire-20250728180257819_1tmp surefire_0-20250728180257819_2tmp"/>
    <property name="jdk.debug" value="release"/>
    <property name="surefire.test.class.path" value="C:\Users\kshit\OneDrive\Documents\Java FSE\Week 3\LibraryManagement\LibraryManagement\target\test-classes;C:\Users\kshit\OneDrive\Documents\Java FSE\Week 3\LibraryManagement\LibraryManagement\target\classes;C:\Users\kshit\.m2\repository\org\springframework\spring-context\5.3.33\spring-context-5.3.33.jar;C:\Users\kshit\.m2\repository\org\springframework\spring-aop\5.3.33\spring-aop-5.3.33.jar;C:\Users\kshit\.m2\repository\org\springframework\spring-beans\5.3.33\spring-beans-5.3.33.jar;C:\Users\kshit\.m2\repository\org\springframework\spring-core\5.3.33\spring-core-5.3.33.jar;C:\Users\kshit\.m2\repository\org\springframework\spring-jcl\5.3.33\spring-jcl-5.3.33.jar;C:\Users\kshit\.m2\repository\org\springframework\spring-expression\5.3.33\spring-expression-5.3.33.jar;C:\Users\kshit\.m2\repository\junit\junit\3.8.1\junit-3.8.1.jar;"/>
    <property name="sun.cpu.endian" value="little"/>
    <property name="user.home" value="C:\Users\kshit"/>
    <property name="user.language" value="en"/>
    <property name="java.specification.vendor" value="Oracle Corporation"/>
    <property name="java.version.date" value="2022-10-18"/>
    <property name="java.home" value="C:\Users\kshit\AppData\Local\Programs\Eclipse Adoptium\jdk-17.0.5.8-hotspot"/>
    <property name="file.separator" value="\"/>
    <property name="basedir" value="C:\Users\kshit\OneDrive\Documents\Java FSE\Week 3\LibraryManagement\LibraryManagement"/>
    <property name="java.vm.compressedOopsMode" value="Zero based"/>
    <property name="line.separator" value="&#10;"/>
    <property name="java.vm.specification.vendor" value="Oracle Corporation"/>
    <property name="java.specification.name" value="Java Platform API Specification"/>
    <property name="surefire.real.class.path" value="C:\Users\kshit\AppData\Local\Temp\surefire14428544527907741551\surefirebooter-20250728180257819_3.jar"/>
    <property name="user.script" value=""/>
    <property name="sun.management.compiler" value="HotSpot 64-Bit Tiered Compilers"/>
    <property name="java.runtime.version" value="17.0.5+8"/>
    <property name="user.name" value="kshit"/>
    <property name="path.separator" value=";"/>
    <property name="os.version" value="10.0"/>
    <property name="java.runtime.name" value="OpenJDK Runtime Environment"/>
    <property name="file.encoding" value="Cp1252"/>
    <property name="java.vm.name" value="OpenJDK 64-Bit Server VM"/>
    <property name="java.vendor.version" value="Temurin-17.0.5+8"/>
    <property name="localRepository" value="C:\Users\kshit\.m2\repository"/>
    <property name="java.vendor.url.bug" value="https://github.com/adoptium/adoptium-support/issues"/>
    <property name="java.io.tmpdir" value="C:\Users\kshit\AppData\Local\Temp\"/>
    <property name="java.version" value="17.0.5"/>
    <property name="user.dir" value="C:\Users\kshit\OneDrive\Documents\Java FSE\Week 3\LibraryManagement\LibraryManagement"/>
    <property name="os.arch" value="amd64"/>
    <property name="java.vm.specification.name" value="Java Virtual Machine Specification"/>
    <property name="sun.os.patch.level" value=""/>
    <property name="native.encoding" value="Cp1252"/>
    <property name="java.library.path" value="C:\Users\kshit\AppData\Local\Programs\Eclipse Adoptium\jdk-17.0.5.8-hotspot\bin;C:\WINDOWS\Sun\Java\bin;C:\WINDOWS\system32;C:\WINDOWS;C:\Python313\Scripts\;C:\Python313\;C:\Windows\system32;C:\Windows;C:\Windows\System32\Wbem;C:\Windows\System32\WindowsPowerShell\v1.0\;C:\Windows\System32\OpenSSH\;C:\Program Files (x86)\NVIDIA Corporation\PhysX\Common;C:\WINDOWS\system32;C:\WINDOWS;C:\WINDOWS\System32\Wbem;C:\WINDOWS\System32\WindowsPowerShell\v1.0\;C:\WINDOWS\System32\OpenSSH\;C:\Program Files\dotnet\;C:\MinGW\bin;C:\Program Files\Git\cmd\;C:\Program Files\Git\bin\;C:\Program Files\NVIDIA Corporation\NVIDIA app\NvDLISR;C:\Users\kshit\AppData\Local\Programs\Python\Python312;C:\Users\kshit\AppData\Local\Programs\Python\Python312\Scripts;C:\Program Files\nodejs;C:\ProgramData\chocolatey\bin;;C:\Program Files\Docker\Docker\resources\bin;C:\Python313\Scripts\;C:\Python313\;C:\Windows\system32;C:\Windows;C:\Windows\System32\Wbem;C:\Windows\System32\WindowsPowerShell\v1.0\;C:\Windows\System32\OpenSSH\;C:\Program Files (x86)\NVIDIA Corporation\PhysX\Common;C:\WINDOWS\system32;C:\WINDOWS;C:\WINDOWS\System32\Wbem;C:\WINDOWS\System32\WindowsPowerShell\v1.0\;C:\WINDOWS\System32\OpenSSH\;C:\Program Files\dotnet\;C:\MinGW\bin;C:\Program Files\Git\cmd\;C:\Program Files\Git\bin\;C:\Program Files\NVIDIA Corporation\NVIDIA app\NvDLISR;C:\Users\kshit\AppData\Local\Programs\Python\Python312;C:\Users\kshit\AppData\Local\Programs\Python\Python312\Scripts;C:\Program Files\nodejs;C:\ProgramData\chocolatey\bin;;C:\Program Files\Docker\Docker\resources\bin;C:\Users\kshit\scoop\apps\iverilog\current\bin;C:\Users\kshit\scoop\shims;C:\Python313\Scripts\;C:\Python313\;C:\Windows\system32;C:\Windows;C:\Windows\System32\Wbem;C:\Windows\System32\WindowsPowerShell\v1.0\;C:\Windows\System32\OpenSSH\;C:\Program Files (x86)\NVIDIA Corporation\PhysX\Common;C:\WINDOWS\system32;C:\WINDOWS;C:\WINDOWS\System32\Wbem;C:\WINDOWS\System32\WindowsPowerShell\v1.0\;C:\WINDOWS\System32\OpenSSH\;C:\Program Files\dotnet\;C:\MinGW\bin;C:\Program Files\Git\cmd\;C:\Program Files\Git\bin\;C:\Program Files\NVIDIA Corporation\NVIDIA app\NvDLISR;C:\Users\kshit\AppData\Local\Programs\Python\Python312;C:\Users\kshit\AppData\Local\Programs\Python\Python312\Scripts;C:\Program Files\nodejs;C:\ProgramData\chocolatey\bin;C:\Program Files\Docker\Docker\resources\bin;C:\Users\kshit\.local\bin;C:\Users\kshit\AppData\Local\Programs\Python\Launcher\;C:\Users\kshit\AppData\Local\Programs\Eclipse Adoptium\jdk-17.0.5.8-hotspot\bin;C:\Users\kshit\AppData\Local\Microsoft\WindowsApps;C:\Users\kshit\AppData\Local\Programs\Microsoft VS Code\bin;C:\Users\kshit\AppData\Local\GitHubDesktop\bin;C:\Users\kshit\Downloads\ModelSIm\modelsim_ase\win32aloem;C:\Program Files\JetBrains\PyCharm Community Edition 2024.2.1\bin;C:\Users\kshit\AppData\Local\Microsoft\WindowsApps;C:\Users\kshit\AppData\Local\Programs\Python\Python312;C:\Users\kshit\AppData\Local\Programs\Python\Python312\Scripts;C:\Users\kshit\AppData\Roaming\npm;C:\msys64\mingw64\bin;C:\Users\kshit\AppData\Local\Programs\cursor\resources\app\bin;C:\iverilog\bin;C:\iverilog\gtkwave\bin;c:\program files (x86)\steam\ext\bin;C:\Users\kshit\Tools\apache-maven-3.9.8\bin;c:\Users\kshit\AppData\Roaming\Code\User\globalStorage\github.copilot-chat\debugCommand;."/>
    <property name="java.vm.info" value="mixed mode, sharing"/>
    <property name="java.vendor" value="Eclipse Adoptium"/>
    <property name="java.vm.version" value="17.0.5+8"/>
    <property name="sun.io.unicode.encoding" value="UnicodeLittle"/>
    <property name="java.class.version" value="61.0"/>
  </properties>
  <testcase name="testApp" classname="com.library.AppTest" time="0.001"/>
</testsuite>